<?xml version="1.0" encoding="UTF-8"?>
<testsuite xmlns:xsi="http://www.w3.org/2001/XMLSchema-instance" xsi:noNamespaceSchemaLocation="https://maven.apache.org/surefire/maven-surefire-plugin/xsd/surefire-test-report.xsd" name="usertest.create.UserCreateNegativeParameterizedTest" time="0.594" tests="2" errors="0" skipped="0" failures="0">
  <properties>
[...]
</properties>
  <testcase name="createUserWithOutOneParameterCheckStatusCode[0]" classname="usertest.create.UserCreateNegativeParameterizedTest" time="0.285"/>
  <testcase name="createUserWithOutOneParameterCheckStatusCode[1]" classname="usertest.create.UserCreateNegativeParameterizedTest" time="0.291"/>
</testsuite>